<?xml version="1.0" encoding="UTF-8"?>
<!-- Generated by org.testng.reporters.JUnitReportReporter -->
<testsuite name="test.HomePageTest" tests="1" time="0.151" ignored="0" failures="0" timestamp="01 May 2023 15:33:27 GMT" skipped="0" hostname="DESKTOP-96E3RNJ" errors="0">
  <testcase name="HomepageTest" time="0.151" classname="test.HomePageTest"/>
</testsuite> <!-- test.HomePageTest -->
