<?xml version="1.0" encoding="UTF-8"?>
<!-- Generated by org.testng.reporters.JUnitReportReporter -->
<testsuite name="test.CreateAccountPageTest" tests="1" time="6.281" ignored="0" failures="0" timestamp="02 May 2023 20:19:40 GMT" skipped="0" hostname="DESKTOP-96E3RNJ" errors="0">
  <testcase name="createaccountpagetest" time="6.281" classname="test.CreateAccountPageTest"/>
</testsuite> <!-- test.CreateAccountPageTest -->
